<?xml version="1.0" encoding="UTF-8"?>
<!-- Generated by org.testng.reporters.JUnitReportReporter -->
<testsuite hostname="LAPTOP-K4M0I273" failures="0" tests="6" name="tests.GmailLoginTest" time="132.635" errors="0" timestamp="20 Jan. 2022 22:10:39 GMT" skipped="0">
  <testcase classname="tests.GmailLoginTest" name="LoginWithCorrectEmailAndPassword" time="25.810"/>
  <testcase classname="tests.GmailLoginTest" name="LoginWithNonExistingEmailTest" time="19.066"/>
  <testcase classname="tests.GmailLoginTest" name="LoginWithCorrectEmailAndWrongPassword" time="25.305"/>
  <testcase classname="tests.GmailLoginTest" name="LoginWithSpecialCharacterEmail" time="16.472"/>
  <testcase classname="tests.GmailLoginTest" name="LoginWithCurrectYahooEmailID" time="16.922"/>
  <testcase classname="tests.GmailLoginTest" name="LoginWithGoogleConnectedAccountEmailID" time="29.060"/>
</testsuite> <!-- tests.GmailLoginTest -->
